<?xml version="1.0" encoding="UTF-8"?>
<testsuite xmlns:xsi="http://www.w3.org/2001/XMLSchema-instance" xsi:noNamespaceSchemaLocation="https://maven.apache.org/surefire/maven-surefire-plugin/xsd/surefire-test-report-3.0.xsd" version="3.0" name="runner.TestRunner" time="18.638" tests="3" errors="0" skipped="0" failures="0">
  <properties>
[...]
</properties>
  <testcase name="User run application" classname="Run android application via ADB" time="8.32">
    <system-out><![CDATA[
@Run-01
Scenario: Run android application via ADB         &amp#27;[90m# src/test/java/features/runApp.feature:3&amp#27;[0m
**** STARTING TEST ****
Session id: ac6baf72-1727-44a6-9c67-6eb9074c719d
]]></system-out>
    <system-err><![CDATA[SLF4J(W): No SLF4J providers were found.
SLF4J(W): Defaulting to no-operation (NOP) logger implementation
SLF4J(W): See https://www.slf4j.org/codes.html#noProviders for further details.
]]></system-err>
  </testcase>
  <testcase name="User swipe to the view button and click on" classname="Run android application via ADB" time="8.265">
    <system-out><![CDATA[  &amp#27;[32mGiven &amp#27;[0m&amp#27;[32mUser run application&amp#27;[0m                      &amp#27;[90m# steps.runAppSteps.user_run_application()&amp#27;[0m
]]></system-out>
  </testcase>
  <testcase name="" classname="Run android application via ADB" time="9.271">
    <system-out><![CDATA[  &amp#27;[32mWhen &amp#27;[0m&amp#27;[32mUser swipe to the view button and click on&amp#27;[0m &amp#27;[90m# steps.runAppSteps.user_swipe_to_the_view_button_and_click_on()&amp#27;[0m

    Embedding image [image/png 35612 bytes]

]]></system-out>
  </testcase>
</testsuite>