{"uid":"847960b9ef8d3dc4","name":"Run android application via ADB","fullName":"src/test/java/features/runApp.feature:3","historyId":"e5378850143e542747f41c0d7b84b4d9","time":{"start":1726736063149,"stop":1726736063504,"duration":355},"status":"broken","statusMessage":"Could not start a new session. Possible causes are invalid address of the remote server or browser start-up failure. \nHost info: host: 'fv-az1435-347', ip: '10.1.1.135'","statusTrace":"org.openqa.selenium.SessionNotCreatedException: Could not start a new session. Possible causes are invalid address of the remote server or browser start-up failure. \nHost info: host: 'fv-az1435-347', ip: '10.1.1.135'\n\tat org.openqa.selenium.remote.RemoteWebDriver.execute(RemoteWebDriver.java:563)\n\tat io.appium.java_client.AppiumDriver.startSession(AppiumDriver.java:268)\n\tat org.openqa.selenium.remote.RemoteWebDriver.<init>(RemoteWebDriver.java:174)\n\tat io.appium.java_client.AppiumDriver.<init>(AppiumDriver.java:90)\n\tat io.appium.java_client.AppiumDriver.<init>(AppiumDriver.java:102)\n\tat io.appium.java_client.android.AndroidDriver.<init>(AndroidDriver.java:109)\n\tat com.Appium2_0_Project.Base.InitializeDriver(Base.java:66)\n\tat steps.runAppSteps.user_run_application(runAppSteps.java:12)\n\tat ✽.User run application(file:///home/runner/work/Appium2.0_Project2/Appium2.0_Project2/src/test/java/features/runApp.feature:4)\nCaused by: org.openqa.selenium.WebDriverException: java.lang.reflect.InvocationTargetException\nBuild info: version: '4.24.0', revision: '748ffc9bc3'\nSystem info: os.name: 'Linux', os.arch: 'amd64', os.version: '6.8.0-1014-azure', java.version: '17.0.12'\nDriver info: driver.version: AndroidDriver\n\tat io.appium.java_client.remote.AppiumProtocolHandshake.createSession(AppiumProtocolHandshake.java:120)\n\tat io.appium.java_client.remote.AppiumProtocolHandshake.createSession(AppiumProtocolHandshake.java:96)\n\tat io.appium.java_client.remote.AppiumCommandExecutor.createSession(AppiumCommandExecutor.java:176)\n\tat io.appium.java_client.remote.AppiumCommandExecutor.execute(AppiumCommandExecutor.java:237)\n\tat org.openqa.selenium.remote.RemoteWebDriver.execute(RemoteWebDriver.java:545)\n\tat io.appium.java_client.AppiumDriver.startSession(AppiumDriver.java:268)\n\tat org.openqa.selenium.remote.RemoteWebDriver.<init>(RemoteWebDriver.java:174)\n\tat io.appium.java_client.AppiumDriver.<init>(AppiumDriver.java:90)\n\tat io.appium.java_client.AppiumDriver.<init>(AppiumDriver.java:102)\n\tat io.appium.java_client.android.AndroidDriver.<init>(AndroidDriver.java:109)\n\tat com.Appium2_0_Project.Base.InitializeDriver(Base.java:66)\n\tat steps.runAppSteps.user_run_application(runAppSteps.java:12)\n\tat java.base/jdk.internal.reflect.NativeMethodAccessorImpl.invoke0(Native Method)\n\tat java.base/jdk.internal.reflect.NativeMethodAccessorImpl.invoke(NativeMethodAccessorImpl.java:77)\n\tat java.base/jdk.internal.reflect.DelegatingMethodAccessorImpl.invoke(DelegatingMethodAccessorImpl.java:43)\n\tat java.base/java.lang.reflect.Method.invoke(Method.java:569)\n\tat io.cucumber.java.Invoker.doInvoke(Invoker.java:66)\n\tat io.cucumber.java.Invoker.invoke(Invoker.java:24)\n\tat io.cucumber.java.AbstractGlueDefinition.invokeMethod(AbstractGlueDefinition.java:47)\n\tat io.cucumber.java.JavaStepDefinition.execute(JavaStepDefinition.java:29)\n\tat io.cucumber.core.runner.CoreStepDefinition.execute(CoreStepDefinition.java:66)\n\tat io.cucumber.core.runner.PickleStepDefinitionMatch.runStep(PickleStepDefinitionMatch.java:63)\n\tat io.cucumber.core.runner.ExecutionMode$1.execute(ExecutionMode.java:10)\n\tat io.cucumber.core.runner.TestStep.executeStep(TestStep.java:84)\n\tat io.cucumber.core.runner.TestStep.run(TestStep.java:56)\n\tat io.cucumber.core.runner.PickleStepTestStep.run(PickleStepTestStep.java:51)\n\tat io.cucumber.core.runner.TestCase.run(TestCase.java:84)\n\tat io.cucumber.core.runner.Runner.runPickle(Runner.java:75)\n\tat io.cucumber.junit.PickleRunners$WithStepDescriptions.lambda$run$1(PickleRunners.java:109)\n\tat io.cucumber.core.runtime.CucumberExecutionContext.lambda$runTestCase$5(CucumberExecutionContext.java:137)\n\tat io.cucumber.core.runtime.RethrowingThrowableCollector.executeAndThrow(RethrowingThrowableCollector.java:23)\n\tat io.cucumber.core.runtime.CucumberExecutionContext.runTestCase(CucumberExecutionContext.java:137)\n\tat io.cucumber.junit.PickleRunners$WithStepDescriptions.run(PickleRunners.java:106)\n\tat io.cucumber.junit.FeatureRunner.runChild(FeatureRunner.java:144)\n\tat io.cucumber.junit.FeatureRunner.runChild(FeatureRunner.java:28)\n\tat org.junit.runners.ParentRunner$4.run(ParentRunner.java:331)\n\tat org.junit.runners.ParentRunner$1.schedule(ParentRunner.java:79)\n\tat org.junit.runners.ParentRunner.runChildren(ParentRunner.java:329)\n\tat org.junit.runners.ParentRunner.access$100(ParentRunner.java:66)\n\tat org.junit.runners.ParentRunner$2.evaluate(ParentRunner.java:293)\n\tat org.junit.runners.ParentRunner$3.evaluate(ParentRunner.java:306)\n\tat org.junit.runners.ParentRunner.run(ParentRunner.java:413)\n\tat io.cucumber.junit.FeatureRunner.run(FeatureRunner.java:137)\n\tat io.cucumber.junit.Cucumber.runChild(Cucumber.java:196)\n\tat io.cucumber.junit.Cucumber.runChild(Cucumber.java:89)\n\tat org.junit.runners.ParentRunner$4.run(ParentRunner.java:331)\n\tat org.junit.runners.ParentRunner$1.schedule(ParentRunner.java:79)\n\tat org.junit.runners.ParentRunner.runChildren(ParentRunner.java:329)\n\tat org.junit.runners.ParentRunner.access$100(ParentRunner.java:66)\n\tat org.junit.runners.ParentRunner$2.evaluate(ParentRunner.java:293)\n\tat io.cucumber.core.runtime.CucumberExecutionContext.lambda$runFeatures$6(CucumberExecutionContext.java:148)\n\tat io.cucumber.core.runtime.CucumberExecutionContext.execute(CucumberExecutionContext.java:163)\n\tat io.cucumber.core.runtime.CucumberExecutionContext.runFeatures(CucumberExecutionContext.java:146)\n\tat io.cucumber.junit.Cucumber$StartAndFinishTestRun.evaluate(Cucumber.java:226)\n\tat org.junit.runners.ParentRunner$3.evaluate(ParentRunner.java:306)\n\tat org.junit.runners.ParentRunner.run(ParentRunner.java:413)\n\tat org.apache.maven.surefire.junit4.JUnit4Provider.execute(JUnit4Provider.java:364)\n\tat org.apache.maven.surefire.junit4.JUnit4Provider.executeWithRerun(JUnit4Provider.java:272)\n\tat org.apache.maven.surefire.junit4.JUnit4Provider.executeTestSet(JUnit4Provider.java:237)\n\tat org.apache.maven.surefire.junit4.JUnit4Provider.invoke(JUnit4Provider.java:158)\n\tat org.apache.maven.surefire.booter.ForkedBooter.runSuitesInProcess(ForkedBooter.java:428)\n\tat org.apache.maven.surefire.booter.ForkedBooter.execute(ForkedBooter.java:162)\n\tat org.apache.maven.surefire.booter.ForkedBooter.run(ForkedBooter.java:562)\n\tat org.apache.maven.surefire.booter.ForkedBooter.main(ForkedBooter.java:548)\nCaused by: java.lang.reflect.InvocationTargetException\n\tat java.base/jdk.internal.reflect.NativeMethodAccessorImpl.invoke0(Native Method)\n\tat java.base/jdk.internal.reflect.NativeMethodAccessorImpl.invoke(NativeMethodAccessorImpl.java:77)\n\tat java.base/jdk.internal.reflect.DelegatingMethodAccessorImpl.invoke(DelegatingMethodAccessorImpl.java:43)\n\tat java.base/java.lang.reflect.Method.invoke(Method.java:569)\n\tat io.appium.java_client.remote.AppiumProtocolHandshake.createSession(AppiumProtocolHandshake.java:116)\n\t... 63 more\nCaused by: java.io.UncheckedIOException: java.net.ConnectException\n\tat org.openqa.selenium.remote.http.jdk.JdkHttpClient.execute0(JdkHttpClient.java:458)\n\tat io.appium.java_client.internal.filters.AppiumIdempotencyFilter.lambda$apply$0(AppiumIdempotencyFilter.java:35)\n\tat io.appium.java_client.internal.filters.AppiumUserAgentFilter.lambda$apply$0(AppiumUserAgentFilter.java:85)\n\tat org.openqa.selenium.remote.http.Filter.lambda$andFinally$1(Filter.java:55)\n\tat org.openqa.selenium.remote.http.jdk.JdkHttpClient.execute(JdkHttpClient.java:374)\n\tat org.openqa.selenium.remote.ProtocolHandshake.createSession(ProtocolHandshake.java:89)\n\t... 68 more\nCaused by: java.net.ConnectException\n\tat java.net.http/jdk.internal.net.http.common.Utils.toConnectException(Utils.java:1055)\n\tat java.net.http/jdk.internal.net.http.PlainHttpConnection.connectAsync(PlainHttpConnection.java:198)\n\tat java.net.http/jdk.internal.net.http.PlainHttpConnection.checkRetryConnect(PlainHttpConnection.java:230)\n\tat java.net.http/jdk.internal.net.http.PlainHttpConnection.lambda$connectAsync$1(PlainHttpConnection.java:206)\n\tat java.base/java.util.concurrent.CompletableFuture.uniHandle(CompletableFuture.java:934)\n\tat java.base/java.util.concurrent.CompletableFuture$UniHandle.tryFire(CompletableFuture.java:911)\n\tat java.base/java.util.concurrent.CompletableFuture.postComplete(CompletableFuture.java:510)\n\tat java.base/java.util.concurrent.CompletableFuture$AsyncSupply.run(CompletableFuture.java:1773)\n\tat java.base/java.util.concurrent.ThreadPoolExecutor.runWorker(ThreadPoolExecutor.java:1136)\n\tat java.base/java.util.concurrent.ThreadPoolExecutor$Worker.run(ThreadPoolExecutor.java:635)\n\tat java.base/java.lang.Thread.run(Thread.java:840)\nCaused by: java.nio.channels.ClosedChannelException\n\tat java.base/sun.nio.ch.SocketChannelImpl.ensureOpen(SocketChannelImpl.java:195)\n\tat java.base/sun.nio.ch.SocketChannelImpl.beginConnect(SocketChannelImpl.java:760)\n\tat java.base/sun.nio.ch.SocketChannelImpl.connect(SocketChannelImpl.java:848)\n\tat java.net.http/jdk.internal.net.http.PlainHttpConnection.lambda$connectAsync$0(PlainHttpConnection.java:183)\n\tat java.base/java.security.AccessController.doPrivileged(AccessController.java:569)\n\tat java.net.http/jdk.internal.net.http.PlainHttpConnection.connectAsync(PlainHttpConnection.java:185)\n\t... 9 more\n","flaky":false,"newFailed":false,"newBroken":false,"newPassed":false,"retriesCount":4,"retriesStatusChange":true,"beforeStages":[{"name":"steps.Hooks.BeforeAllMethode()","time":{"start":1726736063156,"stop":1726736063159,"duration":3},"status":"passed","steps":[],"attachments":[],"parameters":[],"shouldDisplayMessage":false,"stepsCount":0,"attachmentsCount":0,"hasContent":false,"attachmentStep":false}],"testStage":{"status":"broken","statusMessage":"Could not start a new session. Possible causes are invalid address of the remote server or browser start-up failure. \nHost info: host: 'fv-az1435-347', ip: '10.1.1.135'","statusTrace":"org.openqa.selenium.SessionNotCreatedException: Could not start a new session. Possible causes are invalid address of the remote server or browser start-up failure. \nHost info: host: 'fv-az1435-347', ip: '10.1.1.135'\n\tat org.openqa.selenium.remote.RemoteWebDriver.execute(RemoteWebDriver.java:563)\n\tat io.appium.java_client.AppiumDriver.startSession(AppiumDriver.java:268)\n\tat org.openqa.selenium.remote.RemoteWebDriver.<init>(RemoteWebDriver.java:174)\n\tat io.appium.java_client.AppiumDriver.<init>(AppiumDriver.java:90)\n\tat io.appium.java_client.AppiumDriver.<init>(AppiumDriver.java:102)\n\tat io.appium.java_client.android.AndroidDriver.<init>(AndroidDriver.java:109)\n\tat com.Appium2_0_Project.Base.InitializeDriver(Base.java:66)\n\tat steps.runAppSteps.user_run_application(runAppSteps.java:12)\n\tat ✽.User run application(file:///home/runner/work/Appium2.0_Project2/Appium2.0_Project2/src/test/java/features/runApp.feature:4)\nCaused by: org.openqa.selenium.WebDriverException: java.lang.reflect.InvocationTargetException\nBuild info: version: '4.24.0', revision: '748ffc9bc3'\nSystem info: os.name: 'Linux', os.arch: 'amd64', os.version: '6.8.0-1014-azure', java.version: '17.0.12'\nDriver info: driver.version: AndroidDriver\n\tat io.appium.java_client.remote.AppiumProtocolHandshake.createSession(AppiumProtocolHandshake.java:120)\n\tat io.appium.java_client.remote.AppiumProtocolHandshake.createSession(AppiumProtocolHandshake.java:96)\n\tat io.appium.java_client.remote.AppiumCommandExecutor.createSession(AppiumCommandExecutor.java:176)\n\tat io.appium.java_client.remote.AppiumCommandExecutor.execute(AppiumCommandExecutor.java:237)\n\tat org.openqa.selenium.remote.RemoteWebDriver.execute(RemoteWebDriver.java:545)\n\tat io.appium.java_client.AppiumDriver.startSession(AppiumDriver.java:268)\n\tat org.openqa.selenium.remote.RemoteWebDriver.<init>(RemoteWebDriver.java:174)\n\tat io.appium.java_client.AppiumDriver.<init>(AppiumDriver.java:90)\n\tat io.appium.java_client.AppiumDriver.<init>(AppiumDriver.java:102)\n\tat io.appium.java_client.android.AndroidDriver.<init>(AndroidDriver.java:109)\n\tat com.Appium2_0_Project.Base.InitializeDriver(Base.java:66)\n\tat steps.runAppSteps.user_run_application(runAppSteps.java:12)\n\tat java.base/jdk.internal.reflect.NativeMethodAccessorImpl.invoke0(Native Method)\n\tat java.base/jdk.internal.reflect.NativeMethodAccessorImpl.invoke(NativeMethodAccessorImpl.java:77)\n\tat java.base/jdk.internal.reflect.DelegatingMethodAccessorImpl.invoke(DelegatingMethodAccessorImpl.java:43)\n\tat java.base/java.lang.reflect.Method.invoke(Method.java:569)\n\tat io.cucumber.java.Invoker.doInvoke(Invoker.java:66)\n\tat io.cucumber.java.Invoker.invoke(Invoker.java:24)\n\tat io.cucumber.java.AbstractGlueDefinition.invokeMethod(AbstractGlueDefinition.java:47)\n\tat io.cucumber.java.JavaStepDefinition.execute(JavaStepDefinition.java:29)\n\tat io.cucumber.core.runner.CoreStepDefinition.execute(CoreStepDefinition.java:66)\n\tat io.cucumber.core.runner.PickleStepDefinitionMatch.runStep(PickleStepDefinitionMatch.java:63)\n\tat io.cucumber.core.runner.ExecutionMode$1.execute(ExecutionMode.java:10)\n\tat io.cucumber.core.runner.TestStep.executeStep(TestStep.java:84)\n\tat io.cucumber.core.runner.TestStep.run(TestStep.java:56)\n\tat io.cucumber.core.runner.PickleStepTestStep.run(PickleStepTestStep.java:51)\n\tat io.cucumber.core.runner.TestCase.run(TestCase.java:84)\n\tat io.cucumber.core.runner.Runner.runPickle(Runner.java:75)\n\tat io.cucumber.junit.PickleRunners$WithStepDescriptions.lambda$run$1(PickleRunners.java:109)\n\tat io.cucumber.core.runtime.CucumberExecutionContext.lambda$runTestCase$5(CucumberExecutionContext.java:137)\n\tat io.cucumber.core.runtime.RethrowingThrowableCollector.executeAndThrow(RethrowingThrowableCollector.java:23)\n\tat io.cucumber.core.runtime.CucumberExecutionContext.runTestCase(CucumberExecutionContext.java:137)\n\tat io.cucumber.junit.PickleRunners$WithStepDescriptions.run(PickleRunners.java:106)\n\tat io.cucumber.junit.FeatureRunner.runChild(FeatureRunner.java:144)\n\tat io.cucumber.junit.FeatureRunner.runChild(FeatureRunner.java:28)\n\tat org.junit.runners.ParentRunner$4.run(ParentRunner.java:331)\n\tat org.junit.runners.ParentRunner$1.schedule(ParentRunner.java:79)\n\tat org.junit.runners.ParentRunner.runChildren(ParentRunner.java:329)\n\tat org.junit.runners.ParentRunner.access$100(ParentRunner.java:66)\n\tat org.junit.runners.ParentRunner$2.evaluate(ParentRunner.java:293)\n\tat org.junit.runners.ParentRunner$3.evaluate(ParentRunner.java:306)\n\tat org.junit.runners.ParentRunner.run(ParentRunner.java:413)\n\tat io.cucumber.junit.FeatureRunner.run(FeatureRunner.java:137)\n\tat io.cucumber.junit.Cucumber.runChild(Cucumber.java:196)\n\tat io.cucumber.junit.Cucumber.runChild(Cucumber.java:89)\n\tat org.junit.runners.ParentRunner$4.run(ParentRunner.java:331)\n\tat org.junit.runners.ParentRunner$1.schedule(ParentRunner.java:79)\n\tat org.junit.runners.ParentRunner.runChildren(ParentRunner.java:329)\n\tat org.junit.runners.ParentRunner.access$100(ParentRunner.java:66)\n\tat org.junit.runners.ParentRunner$2.evaluate(ParentRunner.java:293)\n\tat io.cucumber.core.runtime.CucumberExecutionContext.lambda$runFeatures$6(CucumberExecutionContext.java:148)\n\tat io.cucumber.core.runtime.CucumberExecutionContext.execute(CucumberExecutionContext.java:163)\n\tat io.cucumber.core.runtime.CucumberExecutionContext.runFeatures(CucumberExecutionContext.java:146)\n\tat io.cucumber.junit.Cucumber$StartAndFinishTestRun.evaluate(Cucumber.java:226)\n\tat org.junit.runners.ParentRunner$3.evaluate(ParentRunner.java:306)\n\tat org.junit.runners.ParentRunner.run(ParentRunner.java:413)\n\tat org.apache.maven.surefire.junit4.JUnit4Provider.execute(JUnit4Provider.java:364)\n\tat org.apache.maven.surefire.junit4.JUnit4Provider.executeWithRerun(JUnit4Provider.java:272)\n\tat org.apache.maven.surefire.junit4.JUnit4Provider.executeTestSet(JUnit4Provider.java:237)\n\tat org.apache.maven.surefire.junit4.JUnit4Provider.invoke(JUnit4Provider.java:158)\n\tat org.apache.maven.surefire.booter.ForkedBooter.runSuitesInProcess(ForkedBooter.java:428)\n\tat org.apache.maven.surefire.booter.ForkedBooter.execute(ForkedBooter.java:162)\n\tat org.apache.maven.surefire.booter.ForkedBooter.run(ForkedBooter.java:562)\n\tat org.apache.maven.surefire.booter.ForkedBooter.main(ForkedBooter.java:548)\nCaused by: java.lang.reflect.InvocationTargetException\n\tat java.base/jdk.internal.reflect.NativeMethodAccessorImpl.invoke0(Native Method)\n\tat java.base/jdk.internal.reflect.NativeMethodAccessorImpl.invoke(NativeMethodAccessorImpl.java:77)\n\tat java.base/jdk.internal.reflect.DelegatingMethodAccessorImpl.invoke(DelegatingMethodAccessorImpl.java:43)\n\tat java.base/java.lang.reflect.Method.invoke(Method.java:569)\n\tat io.appium.java_client.remote.AppiumProtocolHandshake.createSession(AppiumProtocolHandshake.java:116)\n\t... 63 more\nCaused by: java.io.UncheckedIOException: java.net.ConnectException\n\tat org.openqa.selenium.remote.http.jdk.JdkHttpClient.execute0(JdkHttpClient.java:458)\n\tat io.appium.java_client.internal.filters.AppiumIdempotencyFilter.lambda$apply$0(AppiumIdempotencyFilter.java:35)\n\tat io.appium.java_client.internal.filters.AppiumUserAgentFilter.lambda$apply$0(AppiumUserAgentFilter.java:85)\n\tat org.openqa.selenium.remote.http.Filter.lambda$andFinally$1(Filter.java:55)\n\tat org.openqa.selenium.remote.http.jdk.JdkHttpClient.execute(JdkHttpClient.java:374)\n\tat org.openqa.selenium.remote.ProtocolHandshake.createSession(ProtocolHandshake.java:89)\n\t... 68 more\nCaused by: java.net.ConnectException\n\tat java.net.http/jdk.internal.net.http.common.Utils.toConnectException(Utils.java:1055)\n\tat java.net.http/jdk.internal.net.http.PlainHttpConnection.connectAsync(PlainHttpConnection.java:198)\n\tat java.net.http/jdk.internal.net.http.PlainHttpConnection.checkRetryConnect(PlainHttpConnection.java:230)\n\tat java.net.http/jdk.internal.net.http.PlainHttpConnection.lambda$connectAsync$1(PlainHttpConnection.java:206)\n\tat java.base/java.util.concurrent.CompletableFuture.uniHandle(CompletableFuture.java:934)\n\tat java.base/java.util.concurrent.CompletableFuture$UniHandle.tryFire(CompletableFuture.java:911)\n\tat java.base/java.util.concurrent.CompletableFuture.postComplete(CompletableFuture.java:510)\n\tat java.base/java.util.concurrent.CompletableFuture$AsyncSupply.run(CompletableFuture.java:1773)\n\tat java.base/java.util.concurrent.ThreadPoolExecutor.runWorker(ThreadPoolExecutor.java:1136)\n\tat java.base/java.util.concurrent.ThreadPoolExecutor$Worker.run(ThreadPoolExecutor.java:635)\n\tat java.base/java.lang.Thread.run(Thread.java:840)\nCaused by: java.nio.channels.ClosedChannelException\n\tat java.base/sun.nio.ch.SocketChannelImpl.ensureOpen(SocketChannelImpl.java:195)\n\tat java.base/sun.nio.ch.SocketChannelImpl.beginConnect(SocketChannelImpl.java:760)\n\tat java.base/sun.nio.ch.SocketChannelImpl.connect(SocketChannelImpl.java:848)\n\tat java.net.http/jdk.internal.net.http.PlainHttpConnection.lambda$connectAsync$0(PlainHttpConnection.java:183)\n\tat java.base/java.security.AccessController.doPrivileged(AccessController.java:569)\n\tat java.net.http/jdk.internal.net.http.PlainHttpConnection.connectAsync(PlainHttpConnection.java:185)\n\t... 9 more\n","steps":[{"name":"Given  User run application","time":{"start":1726736063161,"stop":1726736063486,"duration":325},"status":"broken","statusMessage":"Could not start a new session. Possible causes are invalid address of the remote server or browser start-up failure. \nHost info: host: 'fv-az1435-347', ip: '10.1.1.135'","statusTrace":"org.openqa.selenium.SessionNotCreatedException: Could not start a new session. Possible causes are invalid address of the remote server or browser start-up failure. \nHost info: host: 'fv-az1435-347', ip: '10.1.1.135'\n\tat org.openqa.selenium.remote.RemoteWebDriver.execute(RemoteWebDriver.java:563)\n\tat io.appium.java_client.AppiumDriver.startSession(AppiumDriver.java:268)\n\tat org.openqa.selenium.remote.RemoteWebDriver.<init>(RemoteWebDriver.java:174)\n\tat io.appium.java_client.AppiumDriver.<init>(AppiumDriver.java:90)\n\tat io.appium.java_client.AppiumDriver.<init>(AppiumDriver.java:102)\n\tat io.appium.java_client.android.AndroidDriver.<init>(AndroidDriver.java:109)\n\tat com.Appium2_0_Project.Base.InitializeDriver(Base.java:66)\n\tat steps.runAppSteps.user_run_application(runAppSteps.java:12)\n\tat ✽.User run application(file:///home/runner/work/Appium2.0_Project2/Appium2.0_Project2/src/test/java/features/runApp.feature:4)\nCaused by: org.openqa.selenium.WebDriverException: java.lang.reflect.InvocationTargetException\nBuild info: version: '4.24.0', revision: '748ffc9bc3'\nSystem info: os.name: 'Linux', os.arch: 'amd64', os.version: '6.8.0-1014-azure', java.version: '17.0.12'\nDriver info: driver.version: AndroidDriver\n\tat io.appium.java_client.remote.AppiumProtocolHandshake.createSession(AppiumProtocolHandshake.java:120)\n\tat io.appium.java_client.remote.AppiumProtocolHandshake.createSession(AppiumProtocolHandshake.java:96)\n\tat io.appium.java_client.remote.AppiumCommandExecutor.createSession(AppiumCommandExecutor.java:176)\n\tat io.appium.java_client.remote.AppiumCommandExecutor.execute(AppiumCommandExecutor.java:237)\n\tat org.openqa.selenium.remote.RemoteWebDriver.execute(RemoteWebDriver.java:545)\n\tat io.appium.java_client.AppiumDriver.startSession(AppiumDriver.java:268)\n\tat org.openqa.selenium.remote.RemoteWebDriver.<init>(RemoteWebDriver.java:174)\n\tat io.appium.java_client.AppiumDriver.<init>(AppiumDriver.java:90)\n\tat io.appium.java_client.AppiumDriver.<init>(AppiumDriver.java:102)\n\tat io.appium.java_client.android.AndroidDriver.<init>(AndroidDriver.java:109)\n\tat com.Appium2_0_Project.Base.InitializeDriver(Base.java:66)\n\tat steps.runAppSteps.user_run_application(runAppSteps.java:12)\n\tat java.base/jdk.internal.reflect.NativeMethodAccessorImpl.invoke0(Native Method)\n\tat java.base/jdk.internal.reflect.NativeMethodAccessorImpl.invoke(NativeMethodAccessorImpl.java:77)\n\tat java.base/jdk.internal.reflect.DelegatingMethodAccessorImpl.invoke(DelegatingMethodAccessorImpl.java:43)\n\tat java.base/java.lang.reflect.Method.invoke(Method.java:569)\n\tat io.cucumber.java.Invoker.doInvoke(Invoker.java:66)\n\tat io.cucumber.java.Invoker.invoke(Invoker.java:24)\n\tat io.cucumber.java.AbstractGlueDefinition.invokeMethod(AbstractGlueDefinition.java:47)\n\tat io.cucumber.java.JavaStepDefinition.execute(JavaStepDefinition.java:29)\n\tat io.cucumber.core.runner.CoreStepDefinition.execute(CoreStepDefinition.java:66)\n\tat io.cucumber.core.runner.PickleStepDefinitionMatch.runStep(PickleStepDefinitionMatch.java:63)\n\tat io.cucumber.core.runner.ExecutionMode$1.execute(ExecutionMode.java:10)\n\tat io.cucumber.core.runner.TestStep.executeStep(TestStep.java:84)\n\tat io.cucumber.core.runner.TestStep.run(TestStep.java:56)\n\tat io.cucumber.core.runner.PickleStepTestStep.run(PickleStepTestStep.java:51)\n\tat io.cucumber.core.runner.TestCase.run(TestCase.java:84)\n\tat io.cucumber.core.runner.Runner.runPickle(Runner.java:75)\n\tat io.cucumber.junit.PickleRunners$WithStepDescriptions.lambda$run$1(PickleRunners.java:109)\n\tat io.cucumber.core.runtime.CucumberExecutionContext.lambda$runTestCase$5(CucumberExecutionContext.java:137)\n\tat io.cucumber.core.runtime.RethrowingThrowableCollector.executeAndThrow(RethrowingThrowableCollector.java:23)\n\tat io.cucumber.core.runtime.CucumberExecutionContext.runTestCase(CucumberExecutionContext.java:137)\n\tat io.cucumber.junit.PickleRunners$WithStepDescriptions.run(PickleRunners.java:106)\n\tat io.cucumber.junit.FeatureRunner.runChild(FeatureRunner.java:144)\n\tat io.cucumber.junit.FeatureRunner.runChild(FeatureRunner.java:28)\n\tat org.junit.runners.ParentRunner$4.run(ParentRunner.java:331)\n\tat org.junit.runners.ParentRunner$1.schedule(ParentRunner.java:79)\n\tat org.junit.runners.ParentRunner.runChildren(ParentRunner.java:329)\n\tat org.junit.runners.ParentRunner.access$100(ParentRunner.java:66)\n\tat org.junit.runners.ParentRunner$2.evaluate(ParentRunner.java:293)\n\tat org.junit.runners.ParentRunner$3.evaluate(ParentRunner.java:306)\n\tat org.junit.runners.ParentRunner.run(ParentRunner.java:413)\n\tat io.cucumber.junit.FeatureRunner.run(FeatureRunner.java:137)\n\tat io.cucumber.junit.Cucumber.runChild(Cucumber.java:196)\n\tat io.cucumber.junit.Cucumber.runChild(Cucumber.java:89)\n\tat org.junit.runners.ParentRunner$4.run(ParentRunner.java:331)\n\tat org.junit.runners.ParentRunner$1.schedule(ParentRunner.java:79)\n\tat org.junit.runners.ParentRunner.runChildren(ParentRunner.java:329)\n\tat org.junit.runners.ParentRunner.access$100(ParentRunner.java:66)\n\tat org.junit.runners.ParentRunner$2.evaluate(ParentRunner.java:293)\n\tat io.cucumber.core.runtime.CucumberExecutionContext.lambda$runFeatures$6(CucumberExecutionContext.java:148)\n\tat io.cucumber.core.runtime.CucumberExecutionContext.execute(CucumberExecutionContext.java:163)\n\tat io.cucumber.core.runtime.CucumberExecutionContext.runFeatures(CucumberExecutionContext.java:146)\n\tat io.cucumber.junit.Cucumber$StartAndFinishTestRun.evaluate(Cucumber.java:226)\n\tat org.junit.runners.ParentRunner$3.evaluate(ParentRunner.java:306)\n\tat org.junit.runners.ParentRunner.run(ParentRunner.java:413)\n\tat org.apache.maven.surefire.junit4.JUnit4Provider.execute(JUnit4Provider.java:364)\n\tat org.apache.maven.surefire.junit4.JUnit4Provider.executeWithRerun(JUnit4Provider.java:272)\n\tat org.apache.maven.surefire.junit4.JUnit4Provider.executeTestSet(JUnit4Provider.java:237)\n\tat org.apache.maven.surefire.junit4.JUnit4Provider.invoke(JUnit4Provider.java:158)\n\tat org.apache.maven.surefire.booter.ForkedBooter.runSuitesInProcess(ForkedBooter.java:428)\n\tat org.apache.maven.surefire.booter.ForkedBooter.execute(ForkedBooter.java:162)\n\tat org.apache.maven.surefire.booter.ForkedBooter.run(ForkedBooter.java:562)\n\tat org.apache.maven.surefire.booter.ForkedBooter.main(ForkedBooter.java:548)\nCaused by: java.lang.reflect.InvocationTargetException\n\tat java.base/jdk.internal.reflect.NativeMethodAccessorImpl.invoke0(Native Method)\n\tat java.base/jdk.internal.reflect.NativeMethodAccessorImpl.invoke(NativeMethodAccessorImpl.java:77)\n\tat java.base/jdk.internal.reflect.DelegatingMethodAccessorImpl.invoke(DelegatingMethodAccessorImpl.java:43)\n\tat java.base/java.lang.reflect.Method.invoke(Method.java:569)\n\tat io.appium.java_client.remote.AppiumProtocolHandshake.createSession(AppiumProtocolHandshake.java:116)\n\t... 63 more\nCaused by: java.io.UncheckedIOException: java.net.ConnectException\n\tat org.openqa.selenium.remote.http.jdk.JdkHttpClient.execute0(JdkHttpClient.java:458)\n\tat io.appium.java_client.internal.filters.AppiumIdempotencyFilter.lambda$apply$0(AppiumIdempotencyFilter.java:35)\n\tat io.appium.java_client.internal.filters.AppiumUserAgentFilter.lambda$apply$0(AppiumUserAgentFilter.java:85)\n\tat org.openqa.selenium.remote.http.Filter.lambda$andFinally$1(Filter.java:55)\n\tat org.openqa.selenium.remote.http.jdk.JdkHttpClient.execute(JdkHttpClient.java:374)\n\tat org.openqa.selenium.remote.ProtocolHandshake.createSession(ProtocolHandshake.java:89)\n\t... 68 more\nCaused by: java.net.ConnectException\n\tat java.net.http/jdk.internal.net.http.common.Utils.toConnectException(Utils.java:1055)\n\tat java.net.http/jdk.internal.net.http.PlainHttpConnection.connectAsync(PlainHttpConnection.java:198)\n\tat java.net.http/jdk.internal.net.http.PlainHttpConnection.checkRetryConnect(PlainHttpConnection.java:230)\n\tat java.net.http/jdk.internal.net.http.PlainHttpConnection.lambda$connectAsync$1(PlainHttpConnection.java:206)\n\tat java.base/java.util.concurrent.CompletableFuture.uniHandle(CompletableFuture.java:934)\n\tat java.base/java.util.concurrent.CompletableFuture$UniHandle.tryFire(CompletableFuture.java:911)\n\tat java.base/java.util.concurrent.CompletableFuture.postComplete(CompletableFuture.java:510)\n\tat java.base/java.util.concurrent.CompletableFuture$AsyncSupply.run(CompletableFuture.java:1773)\n\tat java.base/java.util.concurrent.ThreadPoolExecutor.runWorker(ThreadPoolExecutor.java:1136)\n\tat java.base/java.util.concurrent.ThreadPoolExecutor$Worker.run(ThreadPoolExecutor.java:635)\n\tat java.base/java.lang.Thread.run(Thread.java:840)\nCaused by: java.nio.channels.ClosedChannelException\n\tat java.base/sun.nio.ch.SocketChannelImpl.ensureOpen(SocketChannelImpl.java:195)\n\tat java.base/sun.nio.ch.SocketChannelImpl.beginConnect(SocketChannelImpl.java:760)\n\tat java.base/sun.nio.ch.SocketChannelImpl.connect(SocketChannelImpl.java:848)\n\tat java.net.http/jdk.internal.net.http.PlainHttpConnection.lambda$connectAsync$0(PlainHttpConnection.java:183)\n\tat java.base/java.security.AccessController.doPrivileged(AccessController.java:569)\n\tat java.net.http/jdk.internal.net.http.PlainHttpConnection.connectAsync(PlainHttpConnection.java:185)\n\t... 9 more\n","steps":[],"attachments":[],"parameters":[],"shouldDisplayMessage":true,"stepsCount":0,"attachmentsCount":0,"hasContent":true,"attachmentStep":false},{"name":"When  User swipe to the view button and click on","time":{"start":1726736063494,"stop":1726736063495,"duration":1},"status":"skipped","steps":[],"attachments":[],"parameters":[],"shouldDisplayMessage":false,"stepsCount":0,"attachmentsCount":0,"hasContent":false,"attachmentStep":false}],"attachments":[],"parameters":[],"shouldDisplayMessage":false,"stepsCount":2,"attachmentsCount":0,"hasContent":true,"attachmentStep":false},"afterStages":[{"name":"steps.Hooks.AfterAllMethode(io.cucumber.java.Scenario)","time":{"start":1726736063496,"stop":1726736063499,"duration":3},"status":"broken","statusMessage":"AFTER is failed: Cannot invoke \"org.openqa.selenium.TakesScreenshot.getScreenshotAs(org.openqa.selenium.OutputType)\" because \"steps.Hooks.driver\" is null","statusTrace":"java.lang.NullPointerException: Cannot invoke \"org.openqa.selenium.TakesScreenshot.getScreenshotAs(org.openqa.selenium.OutputType)\" because \"steps.Hooks.driver\" is null\n\tat steps.Hooks.AfterAllMethode(Hooks.java:19)\n","steps":[],"attachments":[],"parameters":[],"shouldDisplayMessage":true,"stepsCount":0,"attachmentsCount":0,"hasContent":true,"attachmentStep":false}],"labels":[{"name":"tag","value":"Run-01"},{"name":"host","value":"fv-az1435-347"},{"name":"thread","value":"2383@fv-az1435-347.main(1)"},{"name":"feature","value":"Run Android Application"},{"name":"story","value":"Run android application via ADB"},{"name":"suite","value":"Run Android Application"},{"name":"testClass","value":"Run android application via ADB"},{"name":"framework","value":"cucumber4jvm"},{"name":"language","value":"java"},{"name":"gherkin_uri","value":"file:///home/runner/work/Appium2.0_Project2/Appium2.0_Project2/src/test/java/features/runApp.feature"},{"name":"package","value":"src.test.java.features.runApp_feature.Run Android Application"},{"name":"resultFormat","value":"allure2"}],"parameters":[],"links":[],"hidden":false,"retry":false,"extra":{"severity":"normal","retries":[{"uid":"9791ff62c1c8625","status":"passed","time":{"start":1726668623474,"stop":1726668641875,"duration":18401}},{"uid":"439c4af287ca80a6","status":"passed","time":{"start":1726667241892,"stop":1726667263009,"duration":21117}},{"uid":"3bd9a64e1513fcb2","status":"passed","time":{"start":1726666375046,"stop":1726666394638,"duration":19592}},{"uid":"4ab63a22c6d529fb","status":"passed","time":{"start":1726663577064,"stop":1726663598967,"duration":21903}}],"categories":[{"name":"Test defects","matchedStatuses":[],"flaky":false}],"history":{"statistic":{"failed":0,"broken":7,"skipped":0,"passed":0,"unknown":0,"total":7},"items":[{"uid":"9842170e2a6a0bfc","reportUrl":"https://BedouiKhaledEQA.github.io/Appium2.0_Project2/480//#testresult/9842170e2a6a0bfc","status":"broken","statusDetails":"Could not start a new session. Possible causes are invalid address of the remote server or browser start-up failure. \nHost info: host: 'fv-az1986-451', ip: '10.1.0.129'","time":{"start":1726735664520,"stop":1726735664885,"duration":365}},{"uid":"7f6bac0cdcb1abcb","reportUrl":"https://BedouiKhaledEQA.github.io/Appium2.0_Project2/475//#testresult/7f6bac0cdcb1abcb","status":"broken","statusDetails":"Could not start a new session. Response code 500. Message: An unknown server-side error occurred while processing the command. Original error: Could not find 'adb' in [\"/usr/local/lib/android/sdk/platform-tools/adb\",\"/usr/local/lib/android/sdk/emulator/adb\",\"/usr/local/lib/android/sdk/cmdline-tools/latest/bin/adb\",\"/usr/local/lib/android/sdk/tools/adb\",\"/usr/local/lib/android/sdk/tools/bin/adb\",\"/usr/local/lib/android/sdk/adb\",\"/usr/local/lib/android/sdk/build-tools/35.0.0/adb\",\"/usr/local/lib/android/sdk/build-tools/35.0.0/lib/adb\",\"/usr/local/lib/android/sdk/build-tools/34.0.0/adb\",\"/usr/local/lib/android/sdk/build-tools/34.0.0/lib/adb\",\"/usr/local/lib/android/sdk/build-tools/33.0.3/adb\",\"/usr/local/lib/android/sdk/build-tools/33.0.3/lib/adb\",\"/usr/local/lib/android/sdk/build-tools/33.0.2/adb\",\"/usr/local/lib/android/sdk/build-tools/33.0.2/lib/adb\",\"/usr/local/lib/android/sdk/build-tools/33.0.1/adb\",\"/usr/local/lib/android/sdk/build-tools/33.0.1/lib/adb\",\"/usr/local/lib/android/sdk/build-tools/33.0.0/adb\",\"/usr/local/lib/android/sdk/build-tools/33.0.0/lib/adb\",\"/usr/local/lib/android/sdk/build-tools/32.0.0/adb\",\"/usr/local/lib/android/sdk/build-tools/32.0.0/lib/adb\",\"/usr/local/lib/android/sdk/build-tools/31.0.0/adb\",\"/usr/local/lib/android/sdk/build-tools/31.0.0/lib/adb\"]. Do you have Android Build Tools installed at '/usr/local/lib/android/sdk'? \nHost info: host: 'fv-az888-540', ip: '10.1.0.229'\nBuild info: version: '4.24.0', revision: '748ffc9bc3'\nSystem info: os.name: 'Linux', os.arch: 'amd64', os.version: '6.8.0-1014-azure', java.version: '17.0.12'\nDriver info: io.appium.java_client.android.AndroidDriver\nCommand: [null, newSession {desiredCapabilities=Capabilities {appium:app: /home/runner/work/Appium2.0..., appium:appActivity: io.appium.android.apis.ApiD..., appium:appPackage: io.appium.android.apis, appium:automationName: UiAutomator2, appium:avd: Pixel_6_API_30, appium:avdLaunchTimeout: 180000, appium:deviceName: Pixel 6 API 30, appium:disableWindowAnimation: true, appium:newCommandTimeout: 300, appium:noWindow: true, appium:platformVersion: 11, appium:unlockKey: , appium:unlockType: pin, platformName: ANDROID}, capabilities=[{appium:avd=Pixel_6_API_30, appium:noWindow=true, appium:app=/home/runner/work/Appium2.0_Project2/Appium2.0_Project2/src/main/resources/ApiDemos-debug.apk, appium:deviceName=Pixel 6 API 30, appium:unlockType=pin, appium:appActivity=io.appium.android.apis.ApiDemos, appium:disableWindowAnimation=true, appium:automationName=UiAutomator2, appium:avdLaunchTimeout=180000, appium:appPackage=io.appium.android.apis, appium:platformVersion=11, appium:unlockKey=, appium:newCommandTimeout=300, platformName=ANDROID}]}]\nCapabilities {appium:app: /home/runner/work/Appium2.0..., appium:appActivity: io.appium.android.apis.ApiD..., appium:appPackage: io.appium.android.apis, appium:automationName: UiAutomator2, appium:avd: Pixel_6_API_30, appium:avdLaunchTimeout: 180000, appium:deviceName: Pixel 6 API 30, appium:disableWindowAnimation: true, appium:newCommandTimeout: 300, appium:noWindow: true, appium:platformVersion: 11, appium:unlockKey: , appium:unlockType: pin, platformName: ANDROID}","time":{"start":1726674622175,"stop":1726674622822,"duration":647}},{"uid":"b45f996c88180900","reportUrl":"https://BedouiKhaledEQA.github.io/Appium2.0_Project2/472//#testresult/b45f996c88180900","status":"broken","statusDetails":"Could not start a new session. Response code 500. Message: An unknown server-side error occurred while processing the command. Original error: Could not find 'adb' in [\"/usr/local/lib/android/sdk/platform-tools/adb\",\"/usr/local/lib/android/sdk/emulator/adb\",\"/usr/local/lib/android/sdk/cmdline-tools/latest/bin/adb\",\"/usr/local/lib/android/sdk/tools/adb\",\"/usr/local/lib/android/sdk/tools/bin/adb\",\"/usr/local/lib/android/sdk/adb\",\"/usr/local/lib/android/sdk/build-tools/35.0.0/adb\",\"/usr/local/lib/android/sdk/build-tools/35.0.0/lib/adb\",\"/usr/local/lib/android/sdk/build-tools/34.0.0/adb\",\"/usr/local/lib/android/sdk/build-tools/34.0.0/lib/adb\",\"/usr/local/lib/android/sdk/build-tools/33.0.3/adb\",\"/usr/local/lib/android/sdk/build-tools/33.0.3/lib/adb\",\"/usr/local/lib/android/sdk/build-tools/33.0.2/adb\",\"/usr/local/lib/android/sdk/build-tools/33.0.2/lib/adb\",\"/usr/local/lib/android/sdk/build-tools/33.0.1/adb\",\"/usr/local/lib/android/sdk/build-tools/33.0.1/lib/adb\",\"/usr/local/lib/android/sdk/build-tools/33.0.0/adb\",\"/usr/local/lib/android/sdk/build-tools/33.0.0/lib/adb\",\"/usr/local/lib/android/sdk/build-tools/32.0.0/adb\",\"/usr/local/lib/android/sdk/build-tools/32.0.0/lib/adb\",\"/usr/local/lib/android/sdk/build-tools/31.0.0/adb\",\"/usr/local/lib/android/sdk/build-tools/31.0.0/lib/adb\"]. Do you have Android Build Tools installed at '/usr/local/lib/android/sdk'? \nHost info: host: 'fv-az1055-422', ip: '10.1.0.111'\nBuild info: version: '4.24.0', revision: '748ffc9bc3'\nSystem info: os.name: 'Linux', os.arch: 'amd64', os.version: '6.8.0-1014-azure', java.version: '17.0.12'\nDriver info: io.appium.java_client.android.AndroidDriver\nCommand: [null, newSession {desiredCapabilities=Capabilities {appium:app: /home/runner/work/Appium2.0..., appium:appActivity: io.appium.android.apis.ApiD..., appium:appPackage: io.appium.android.apis, appium:automationName: UiAutomator2, appium:avd: Pixel_6_API_30, appium:avdLaunchTimeout: 180000, appium:deviceName: Pixel 6 API 30, appium:disableWindowAnimation: true, appium:newCommandTimeout: 300, appium:noWindow: true, appium:platformVersion: 11, appium:unlockKey: , appium:unlockType: pin, platformName: ANDROID}, capabilities=[{appium:appPackage=io.appium.android.apis, appium:avdLaunchTimeout=180000, appium:automationName=UiAutomator2, appium:disableWindowAnimation=true, appium:appActivity=io.appium.android.apis.ApiDemos, appium:unlockType=pin, appium:deviceName=Pixel 6 API 30, appium:app=/home/runner/work/Appium2.0_Project2/Appium2.0_Project2/src/main/resources/ApiDemos-debug.apk, appium:noWindow=true, appium:avd=Pixel_6_API_30, platformName=ANDROID, appium:newCommandTimeout=300, appium:unlockKey=, appium:platformVersion=11}]}]\nCapabilities {appium:app: /home/runner/work/Appium2.0..., appium:appActivity: io.appium.android.apis.ApiD..., appium:appPackage: io.appium.android.apis, appium:automationName: UiAutomator2, appium:avd: Pixel_6_API_30, appium:avdLaunchTimeout: 180000, appium:deviceName: Pixel 6 API 30, appium:disableWindowAnimation: true, appium:newCommandTimeout: 300, appium:noWindow: true, appium:platformVersion: 11, appium:unlockKey: , appium:unlockType: pin, platformName: ANDROID}","time":{"start":1726671720094,"stop":1726671720870,"duration":776}},{"uid":"4602c70a9862ebb5","reportUrl":"https://BedouiKhaledEQA.github.io/Appium2.0_Project2/471//#testresult/4602c70a9862ebb5","status":"broken","statusDetails":"Could not start a new session. Response code 500. Message: An unknown server-side error occurred while processing the command. Original error: Could not find 'adb' in [\"/usr/local/lib/android/sdk/platform-tools/adb\",\"/usr/local/lib/android/sdk/emulator/adb\",\"/usr/local/lib/android/sdk/cmdline-tools/latest/bin/adb\",\"/usr/local/lib/android/sdk/tools/adb\",\"/usr/local/lib/android/sdk/tools/bin/adb\",\"/usr/local/lib/android/sdk/adb\",\"/usr/local/lib/android/sdk/build-tools/35.0.0/adb\",\"/usr/local/lib/android/sdk/build-tools/35.0.0/lib/adb\",\"/usr/local/lib/android/sdk/build-tools/34.0.0/adb\",\"/usr/local/lib/android/sdk/build-tools/34.0.0/lib/adb\",\"/usr/local/lib/android/sdk/build-tools/33.0.3/adb\",\"/usr/local/lib/android/sdk/build-tools/33.0.3/lib/adb\",\"/usr/local/lib/android/sdk/build-tools/33.0.2/adb\",\"/usr/local/lib/android/sdk/build-tools/33.0.2/lib/adb\",\"/usr/local/lib/android/sdk/build-tools/33.0.1/adb\",\"/usr/local/lib/android/sdk/build-tools/33.0.1/lib/adb\",\"/usr/local/lib/android/sdk/build-tools/33.0.0/adb\",\"/usr/local/lib/android/sdk/build-tools/33.0.0/lib/adb\",\"/usr/local/lib/android/sdk/build-tools/32.0.0/adb\",\"/usr/local/lib/android/sdk/build-tools/32.0.0/lib/adb\",\"/usr/local/lib/android/sdk/build-tools/31.0.0/adb\",\"/usr/local/lib/android/sdk/build-tools/31.0.0/lib/adb\"]. Do you have Android Build Tools installed at '/usr/local/lib/android/sdk'? \nHost info: host: 'fv-az1437-622', ip: '10.1.0.85'\nBuild info: version: '4.24.0', revision: '748ffc9bc3'\nSystem info: os.name: 'Linux', os.arch: 'amd64', os.version: '6.8.0-1014-azure', java.version: '17.0.12'\nDriver info: io.appium.java_client.android.AndroidDriver\nCommand: [null, newSession {capabilities=[{appium:app=/home/runner/work/Appium2.0_Project2/Appium2.0_Project2/src/main/resources/ApiDemos-debug.apk, appium:noWindow=true, appium:avd=Pixel_6_API_30, platformName=ANDROID, appium:newCommandTimeout=300, appium:unlockKey=, appium:platformVersion=11, appium:appPackage=io.appium.android.apis, appium:avdLaunchTimeout=180000, appium:automationName=UiAutomator2, appium:disableWindowAnimation=true, appium:appActivity=io.appium.android.apis.ApiDemos, appium:unlockType=pin, appium:deviceName=Pixel 6 API 30}], desiredCapabilities=Capabilities {appium:app: /home/runner/work/Appium2.0..., appium:appActivity: io.appium.android.apis.ApiD..., appium:appPackage: io.appium.android.apis, appium:automationName: UiAutomator2, appium:avd: Pixel_6_API_30, appium:avdLaunchTimeout: 180000, appium:deviceName: Pixel 6 API 30, appium:disableWindowAnimation: true, appium:newCommandTimeout: 300, appium:noWindow: true, appium:platformVersion: 11, appium:unlockKey: , appium:unlockType: pin, platformName: ANDROID}}]\nCapabilities {appium:app: /home/runner/work/Appium2.0..., appium:appActivity: io.appium.android.apis.ApiD..., appium:appPackage: io.appium.android.apis, appium:automationName: UiAutomator2, appium:avd: Pixel_6_API_30, appium:avdLaunchTimeout: 180000, appium:deviceName: Pixel 6 API 30, appium:disableWindowAnimation: true, appium:newCommandTimeout: 300, appium:noWindow: true, appium:platformVersion: 11, appium:unlockKey: , appium:unlockType: pin, platformName: ANDROID}","time":{"start":1726670918840,"stop":1726670919514,"duration":674}},{"uid":"3ed86598cc9b276a","reportUrl":"https://BedouiKhaledEQA.github.io/Appium2.0_Project2/469//#testresult/3ed86598cc9b276a","status":"broken","statusDetails":"Could not start a new session. Response code 500. Message: An unknown server-side error occurred while processing the command. Original error: Could not find a driver for automationName 'UiAutomator2' and platformName 'ANDROID'. Have you installed a driver that supports those capabilities? Run 'appium driver list --installed' to see. (Lower-level error: Could not find installed driver to support given caps) \nHost info: host: 'fv-az1383-210', ip: '10.1.1.151'\nBuild info: version: '4.24.0', revision: '748ffc9bc3'\nSystem info: os.name: 'Linux', os.arch: 'amd64', os.version: '6.5.0-1025-azure', java.version: '17.0.12'\nDriver info: io.appium.java_client.android.AndroidDriver\nCommand: [null, newSession {capabilities=[{appium:appPackage=io.appium.android.apis, appium:platformVersion=11, appium:unlockKey=, appium:newCommandTimeout=300, platformName=ANDROID, appium:avd=Pixel_6_API_30, appium:noWindow=true, appium:app=/home/runner/work/Appium2.0_Project2/Appium2.0_Project2/src/main/resources/ApiDemos-debug.apk, appium:deviceName=Pixel 6 API 30, appium:unlockType=pin, appium:appActivity=io.appium.android.apis.ApiDemos, appium:disableWindowAnimation=true, appium:automationName=UiAutomator2, appium:avdLaunchTimeout=180000}], desiredCapabilities=Capabilities {appium:app: /home/runner/work/Appium2.0..., appium:appActivity: io.appium.android.apis.ApiD..., appium:appPackage: io.appium.android.apis, appium:automationName: UiAutomator2, appium:avd: Pixel_6_API_30, appium:avdLaunchTimeout: 180000, appium:deviceName: Pixel 6 API 30, appium:disableWindowAnimation: true, appium:newCommandTimeout: 300, appium:noWindow: true, appium:platformVersion: 11, appium:unlockKey: , appium:unlockType: pin, platformName: ANDROID}}]\nCapabilities {appium:app: /home/runner/work/Appium2.0..., appium:appActivity: io.appium.android.apis.ApiD..., appium:appPackage: io.appium.android.apis, appium:automationName: UiAutomator2, appium:avd: Pixel_6_API_30, appium:avdLaunchTimeout: 180000, appium:deviceName: Pixel 6 API 30, appium:disableWindowAnimation: true, appium:newCommandTimeout: 300, appium:noWindow: true, appium:platformVersion: 11, appium:unlockKey: , appium:unlockType: pin, platformName: ANDROID}","time":{"start":1726669747426,"stop":1726669747948,"duration":522}},{"uid":"feb14461a6c3b183","reportUrl":"https://BedouiKhaledEQA.github.io/Appium2.0_Project2/468//#testresult/feb14461a6c3b183","status":"broken","statusDetails":"Could not start a new session. Response code 500. Message: An unknown server-side error occurred while processing the command. Original error: Could not find a driver for automationName 'UiAutomator2' and platformName 'ANDROID'. Have you installed a driver that supports those capabilities? Run 'appium driver list --installed' to see. (Lower-level error: Could not find installed driver to support given caps) \nHost info: host: 'fv-az1493-687', ip: '10.1.0.164'\nBuild info: version: '4.24.0', revision: '748ffc9bc3'\nSystem info: os.name: 'Linux', os.arch: 'amd64', os.version: '6.5.0-1025-azure', java.version: '17.0.12'\nDriver info: io.appium.java_client.android.AndroidDriver\nCommand: [null, newSession {capabilities=[{appium:app=/home/runner/work/Appium2.0_Project2/Appium2.0_Project2/src/main/resources/ApiDemos-debug.apk, appium:noWindow=true, appium:avd=Pixel_6_API_30, platformName=ANDROID, appium:newCommandTimeout=300, appium:unlockKey=, appium:platformVersion=11, appium:appPackage=io.appium.android.apis, appium:avdLaunchTimeout=180000, appium:automationName=UiAutomator2, appium:disableWindowAnimation=true, appium:appActivity=io.appium.android.apis.ApiDemos, appium:unlockType=pin, appium:deviceName=Pixel 6 API 30}], desiredCapabilities=Capabilities {appium:app: /home/runner/work/Appium2.0..., appium:appActivity: io.appium.android.apis.ApiD..., appium:appPackage: io.appium.android.apis, appium:automationName: UiAutomator2, appium:avd: Pixel_6_API_30, appium:avdLaunchTimeout: 180000, appium:deviceName: Pixel 6 API 30, appium:disableWindowAnimation: true, appium:newCommandTimeout: 300, appium:noWindow: true, appium:platformVersion: 11, appium:unlockKey: , appium:unlockType: pin, platformName: ANDROID}}]\nCapabilities {appium:app: /home/runner/work/Appium2.0..., appium:appActivity: io.appium.android.apis.ApiD..., appium:appPackage: io.appium.android.apis, appium:automationName: UiAutomator2, appium:avd: Pixel_6_API_30, appium:avdLaunchTimeout: 180000, appium:deviceName: Pixel 6 API 30, appium:disableWindowAnimation: true, appium:newCommandTimeout: 300, appium:noWindow: true, appium:platformVersion: 11, appium:unlockKey: , appium:unlockType: pin, platformName: ANDROID}","time":{"start":1726669157146,"stop":1726669157871,"duration":725}}]},"tags":["Run-01"]},"source":"847960b9ef8d3dc4.json","parameterValues":[]}